2023-07-18 12:13:23.9496 scene create: Process Process 1176642574623178753 1176642574623178753 0
2023-07-18 12:13:23.9999 server start........................ 1176642574623178753
2023-07-18 12:13:24.2520 scene create: Realm Realm 1 262145 1
2023-07-18 12:13:24.2583 scene create: Gate Gate1 2 262146 1
2023-07-18 12:13:24.2583 scene create: Gate Gate2 3 262147 1
2023-07-18 12:13:24.2583 scene create: Location Location 4 262148 1
2023-07-18 12:13:24.2583 scene create: Map Map1 5 262149 1
2023-07-18 12:13:24.2583 scene create: Map Map2 6 262150 1
2023-07-18 12:18:32.4801 scene create: Process Process 1176663808941490177 1176663808941490177 0
2023-07-18 12:18:32.5305 server start........................ 1176663808941490177
2023-07-18 12:18:32.7738 scene create: Realm Realm 1 262145 1
2023-07-18 12:18:32.7738 scene create: Gate Gate1 2 262146 1
2023-07-18 12:18:32.7738 scene create: Gate Gate2 3 262147 1
2023-07-18 12:18:32.7738 scene create: Location Location 4 262148 1
2023-07-18 12:18:32.7738 scene create: Map Map1 5 262149 1
2023-07-18 12:18:32.7738 scene create: Map Map2 6 262150 1
2023-07-18 12:19:21.8504 scene create: Process Process 1176667176195850241 1176667176195850241 0
2023-07-18 12:19:21.9019 server start........................ 1176667176195850241
2023-07-18 12:19:22.1049 scene create: Realm Realm 1 262145 1
2023-07-18 12:19:22.1049 scene create: Gate Gate1 2 262146 1
2023-07-18 12:19:22.1049 scene create: Gate Gate2 3 262147 1
2023-07-18 12:19:22.1049 scene create: Location Location 4 262148 1
2023-07-18 12:19:22.1049 scene create: Map Map1 5 262149 1
2023-07-18 12:19:22.1049 scene create: Map Map2 6 262150 1
