2023-07-18 11:00:00.2949 (Scene.cs:34) scene create: Process Process 1176340002767110145 1176340002767110145 0
2023-07-18 11:00:00.3887 (Program.cs:41) server start........................ 1176340002767110145
2023-07-18 11:00:00.6274 (Scene.cs:49) scene create: Realm Realm 1 262145 1
2023-07-18 11:00:00.6390 (Scene.cs:49) scene create: Gate Gate1 2 262146 1
2023-07-18 11:00:00.6390 (Scene.cs:49) scene create: Gate Gate2 3 262147 1
2023-07-18 11:00:00.6390 (Scene.cs:49) scene create: Location Location 4 262148 1
2023-07-18 11:00:00.6390 (Scene.cs:49) scene create: Map Map1 5 262149 1
2023-07-18 11:00:00.6390 (Scene.cs:49) scene create: Map Map2 6 262150 1
2023-07-18 11:00:23.6169 (Scene.cs:34) scene create: Process Process 1176341583315075073 1176341583315075073 0
2023-07-18 11:00:23.6586 (Program.cs:41) server start........................ 1176341583315075073
2023-07-18 11:00:23.9206 (Scene.cs:49) scene create: Realm Realm 1 262145 1
2023-07-18 11:00:23.9206 (Scene.cs:49) scene create: Gate Gate1 2 262146 1
2023-07-18 11:00:23.9206 (Scene.cs:49) scene create: Gate Gate2 3 262147 1
2023-07-18 11:00:23.9206 (Scene.cs:49) scene create: Location Location 4 262148 1
2023-07-18 11:00:23.9206 (Scene.cs:49) scene create: Map Map1 5 262149 1
2023-07-18 11:00:23.9206 (Scene.cs:49) scene create: Map Map2 6 262150 1
2023-07-18 11:01:19.3550 (Session.cs:36) session create: zone: 1 id: 8589934592 1689649279354 
2023-07-18 11:01:19.4123  gate address: { "_t" : "StartSceneConfig", "InstanceId" : NumberLong(262146), "Type" : 3, "_id" : 2, "Process" : 1, "Zone" : 1, "SceneType" : "Gate", "Name" : "Gate1", "OuterPort" : 10003 }
2023-07-18 11:01:19.4123  Reload Succes22222!!!!!
2023-07-18 11:01:19.4214 (Session.cs:36) session create: zone: 0 id: 1 1689649279421 
2023-07-18 11:01:19.4214 (Session.cs:36) session create: zone: 0 id: 8589934592 1689649279431 
2023-07-18 11:01:19.4793 (TChannel.cs:404) TChannel OnError: 100208 127.0.0.1:63054
2023-07-18 11:01:19.4793 (TChannel.cs:102) channel dispose: 8589934592 127.0.0.1:63054
2023-07-18 11:01:19.4793 (Session.cs:52) session dispose: 127.0.0.1:63054 id: 8589934592 ErrorCode: 100208, please see ErrorCode.cs! 1689649279483
2023-07-18 11:01:19.4793 (Session.cs:36) session create: zone: 1 id: 8589934592 1689649279483 
2023-07-18 11:01:31.1399 (TChannel.cs:404) TChannel OnError: 100208 127.0.0.1:63056
2023-07-18 11:01:31.1399 (TChannel.cs:102) channel dispose: 8589934592 127.0.0.1:63056
2023-07-18 11:01:31.1399 (Session.cs:52) session dispose: 127.0.0.1:63056 id: 8589934592 ErrorCode: 100208, please see ErrorCode.cs! 1689649291149
2023-07-18 11:01:31.1578  location get key: 1920923762358812677 instanceId: 0
2023-07-18 11:01:41.0228 (Session.cs:36) session create: zone: 1 id: 12884901888 1689649301022 
2023-07-18 11:01:41.0228  gate address: { "_t" : "StartSceneConfig", "InstanceId" : NumberLong(262146), "Type" : 3, "_id" : 2, "Process" : 1, "Zone" : 1, "SceneType" : "Gate", "Name" : "Gate1", "OuterPort" : 10003 }
2023-07-18 11:01:41.0228  Reload Succes222223333!!!!!
2023-07-18 11:01:41.0859 (TChannel.cs:404) TChannel OnError: 100208 127.0.0.1:63083
2023-07-18 11:01:41.0859 (TChannel.cs:102) channel dispose: 12884901888 127.0.0.1:63083
2023-07-18 11:01:41.0859 (Session.cs:52) session dispose: 127.0.0.1:63083 id: 12884901888 ErrorCode: 100208, please see ErrorCode.cs! 1689649301086
2023-07-18 11:01:41.1009 (Session.cs:36) session create: zone: 1 id: 12884901888 1689649301100 
2023-07-18 11:01:44.2039 (TChannel.cs:404) TChannel OnError: 100208 127.0.0.1:63084
2023-07-18 11:01:44.2039 (TChannel.cs:102) channel dispose: 12884901888 127.0.0.1:63084
2023-07-18 11:01:44.2039 (Session.cs:52) session dispose: 127.0.0.1:63084 id: 12884901888 ErrorCode: 100208, please see ErrorCode.cs! 1689649304204
2023-07-18 11:01:44.2189  location get key: 1920924140315934725 instanceId: 0
2023-07-18 11:02:34.0306  actor location remove: 1920923762358812677
2023-07-18 11:02:54.0452  actor location remove: 1920924140315934725
2023-07-18 11:09:52.4031 (Scene.cs:34) scene create: Process Process 1176380684697337857 1176380684697337857 0
2023-07-18 11:09:52.4232 (Program.cs:41) server start........................ 1176380684697337857
2023-07-18 11:09:52.5596 (Scene.cs:49) scene create: Realm Realm 1 262145 1
2023-07-18 11:09:52.5596 (Scene.cs:49) scene create: Gate Gate1 2 262146 1
2023-07-18 11:09:52.5596 (Scene.cs:49) scene create: Gate Gate2 3 262147 1
2023-07-18 11:09:52.5596 (Scene.cs:49) scene create: Location Location 4 262148 1
2023-07-18 11:09:52.5596 (Scene.cs:49) scene create: Map Map1 5 262149 1
2023-07-18 11:09:52.5596 (Scene.cs:49) scene create: Map Map2 6 262150 1
2023-07-18 11:10:10.5804 (Scene.cs:34) scene create: Process Process 1176381921647919105 1176381921647919105 0
2023-07-18 11:10:10.5985 (Program.cs:41) server start........................ 1176381921647919105
2023-07-18 11:10:10.7286 (Scene.cs:49) scene create: Realm Realm 1 262145 1
2023-07-18 11:10:10.7308 (Scene.cs:49) scene create: Gate Gate1 2 262146 1
2023-07-18 11:10:10.7308 (Scene.cs:49) scene create: Gate Gate2 3 262147 1
2023-07-18 11:10:10.7308 (Scene.cs:49) scene create: Location Location 4 262148 1
2023-07-18 11:10:10.7308 (Scene.cs:49) scene create: Map Map1 5 262149 1
2023-07-18 11:10:10.7308 (Scene.cs:49) scene create: Map Map2 6 262150 1
2023-07-18 11:10:18.5275 (Session.cs:36) session create: zone: 1 id: 8589934592 1689649818527 
2023-07-18 11:10:18.5568 (C2R_LoginHandler.cs:14) gate address: { "_t" : "StartSceneConfig", "InstanceId" : NumberLong(262146), "Type" : 3, "_id" : 2, "Process" : 1, "Zone" : 1, "SceneType" : "Gate", "Name" : "Gate1", "OuterPort" : 10003 }
2023-07-18 11:10:18.5574 (C2R_LoginHandler.cs:16) Reload Succes!!!!!
2023-07-18 11:10:18.5574 (Session.cs:36) session create: zone: 0 id: 1 1689649818563 
2023-07-18 11:10:18.5735 (Session.cs:36) session create: zone: 0 id: 8589934592 1689649818573 
2023-07-18 11:10:18.6214 (TChannel.cs:404) TChannel OnError: 100208 127.0.0.1:63651
2023-07-18 11:10:18.6214 (TChannel.cs:102) channel dispose: 8589934592 127.0.0.1:63651
2023-07-18 11:10:18.6214 (Session.cs:52) session dispose: 127.0.0.1:63651 id: 8589934592 ErrorCode: 100208, please see ErrorCode.cs! 1689649818625
2023-07-18 11:10:18.6214 (Session.cs:36) session create: zone: 1 id: 8589934592 1689649818625 
2023-07-18 11:10:24.5968 (TChannel.cs:404) TChannel OnError: 100208 127.0.0.1:63653
2023-07-18 11:10:24.5968 (TChannel.cs:102) channel dispose: 8589934592 127.0.0.1:63653
2023-07-18 11:10:24.5968 (Session.cs:52) session dispose: 127.0.0.1:63653 id: 8589934592 ErrorCode: 100208, please see ErrorCode.cs! 1689649824604
2023-07-18 11:10:24.6148 (LocationComponentSystem.cs:100) location get key: 1920933022308302853 instanceId: 0
2023-07-18 11:10:41.6942 (Scene.cs:34) scene create: Process Process 1176384051951697921 1176384051951697921 0
2023-07-18 11:10:41.7215 (Program.cs:41) server start........................ 1176384051951697921
2023-07-18 11:10:41.8582 (Scene.cs:49) scene create: Realm Realm 1 262145 1
2023-07-18 11:10:41.8582 (Scene.cs:49) scene create: Gate Gate1 2 262146 1
2023-07-18 11:10:41.8582 (Scene.cs:49) scene create: Gate Gate2 3 262147 1
2023-07-18 11:10:41.8582 (Scene.cs:49) scene create: Location Location 4 262148 1
2023-07-18 11:10:41.8582 (Scene.cs:49) scene create: Map Map1 5 262149 1
2023-07-18 11:10:41.8582 (Scene.cs:49) scene create: Map Map2 6 262150 1
2023-07-18 11:10:49.6280 (Session.cs:36) session create: zone: 1 id: 8589934592 1689649849627 
2023-07-18 11:10:49.6691 (C2R_LoginHandler.cs:14) gate address: { "_t" : "StartSceneConfig", "InstanceId" : NumberLong(262146), "Type" : 3, "_id" : 2, "Process" : 1, "Zone" : 1, "SceneType" : "Gate", "Name" : "Gate1", "OuterPort" : 10003 }
2023-07-18 11:10:49.6691 (C2R_LoginHandler.cs:16) Reload Succes222223333!!!!!
2023-07-18 11:10:49.6691 (Session.cs:36) session create: zone: 0 id: 1 1689649849675 
2023-07-18 11:10:49.6878 (Session.cs:36) session create: zone: 0 id: 8589934592 1689649849687 
2023-07-18 11:10:49.7357 (TChannel.cs:404) TChannel OnError: 100208 127.0.0.1:63684
2023-07-18 11:10:49.7357 (TChannel.cs:102) channel dispose: 8589934592 127.0.0.1:63684
2023-07-18 11:10:49.7357 (Session.cs:52) session dispose: 127.0.0.1:63684 id: 8589934592 ErrorCode: 100208, please see ErrorCode.cs! 1689649849739
2023-07-18 11:10:49.7515 (Session.cs:36) session create: zone: 1 id: 8589934592 1689649849751 
2023-07-18 11:10:51.7976 (TChannel.cs:404) TChannel OnError: 100208 127.0.0.1:63686
2023-07-18 11:10:51.7976 (TChannel.cs:102) channel dispose: 8589934592 127.0.0.1:63686
2023-07-18 11:10:51.7976 (Session.cs:52) session dispose: 127.0.0.1:63686 id: 8589934592 ErrorCode: 100208, please see ErrorCode.cs! 1689649851805
2023-07-18 11:10:51.8154 (LocationComponentSystem.cs:100) location get key: 1920933554884247557 instanceId: 0
2023-07-18 11:11:51.9080 (ActorLocationSenderSystem.cs:21) actor location remove: 1920933554884247557
2023-07-18 11:16:54.3164 (Scene.cs:34) scene create: Process Process 1176409684316520449 1176409684316520449 0
2023-07-18 11:16:54.3921 (Program.cs:41) server start........................ 1176409684316520449
2023-07-18 11:16:54.6689 (Scene.cs:49) scene create: Realm Realm 1 262145 1
2023-07-18 11:16:54.6689 (Scene.cs:49) scene create: Gate Gate1 2 262146 1
2023-07-18 11:16:54.6689 (Scene.cs:49) scene create: Gate Gate2 3 262147 1
2023-07-18 11:16:54.6689 (Scene.cs:49) scene create: Location Location 4 262148 1
2023-07-18 11:16:54.6689 (Scene.cs:49) scene create: Map Map1 5 262149 1
2023-07-18 11:16:54.6689 (Scene.cs:49) scene create: Map Map2 6 262150 1
2023-07-18 11:30:19.5235 (Scene.cs:34) scene create: Process Process 1176465003495292929 1176465003495292929 0
2023-07-18 11:30:19.5985 (Program.cs:41) server start........................ 1176465003495292929
2023-07-18 11:30:19.8633 (Scene.cs:49) scene create: Realm Realm 1 262145 1
2023-07-18 11:30:19.8633 (Scene.cs:49) scene create: Gate Gate1 2 262146 1
2023-07-18 11:30:19.8633 (Scene.cs:49) scene create: Gate Gate2 3 262147 1
2023-07-18 11:30:19.8633 (Scene.cs:49) scene create: Location Location 4 262148 1
2023-07-18 11:30:19.8633 (Scene.cs:49) scene create: Map Map1 5 262149 1
2023-07-18 11:30:19.8633 (Scene.cs:49) scene create: Map Map2 6 262150 1
2023-07-18 11:31:18.5567 (Scene.cs:34) scene create: Process Process 1176469057944420353 1176469057944420353 0
2023-07-18 11:31:18.6003 (Program.cs:41) server start........................ 1176469057944420353
2023-07-18 11:31:18.8589 (Scene.cs:49) scene create: Realm Realm 1 262145 1
2023-07-18 11:31:18.8589 (Scene.cs:49) scene create: Gate Gate1 2 262146 1
2023-07-18 11:31:18.8589 (Scene.cs:49) scene create: Gate Gate2 3 262147 1
2023-07-18 11:31:18.8589 (Scene.cs:49) scene create: Location Location 4 262148 1
2023-07-18 11:31:18.8589 (Scene.cs:49) scene create: Map Map1 5 262149 1
2023-07-18 11:31:18.8589 (Scene.cs:49) scene create: Map Map2 6 262150 1
2023-07-18 11:31:46.1423 (Session.cs:36) session create: zone: 1 id: 8589934592 1689651106142 
2023-07-18 11:31:46.1423 (SessionStreamDispatcherServerOuter.cs:22) zone: 1 { "_t" : "C2R_Login", "RpcId" : 1, "Account" : "123", "Password" : "" }
2023-07-18 11:31:46.1947 (C2R_LoginHandler.cs:14) gate address: { "_t" : "StartSceneConfig", "InstanceId" : NumberLong(262147), "Type" : 3, "_id" : 3, "Process" : 1, "Zone" : 1, "SceneType" : "Gate", "Name" : "Gate2", "OuterPort" : 10004 }
2023-07-18 11:31:46.1947 (C2R_LoginHandler.cs:16) Reload Succes222223333!!!!!
2023-07-18 11:31:46.2040 (Session.cs:36) session create: zone: 0 id: 1 1689651106203 
2023-07-18 11:31:46.2192 (Session.cs:36) session create: zone: 0 id: 8589934592 1689651106219 
2023-07-18 11:31:46.2192 (SessionStreamDispatcherServerInner.cs:57) zone: 0 { "_t" : "R2G_GetLoginKey", "RpcId" : 1, "Account" : "123" }
2023-07-18 11:31:46.2192 (Session.cs:135) zone: 0 { "_t" : "G2R_GetLoginKey", "RpcId" : 1, "Error" : 0, "Message" : null, "Key" : 560748977164268596, "GateId" : 3 }
2023-07-18 11:31:46.2362 (SessionStreamDispatcherServerInner.cs:57) zone: 0 { "_t" : "G2R_GetLoginKey", "RpcId" : 1, "Error" : 0, "Message" : null, "Key" : 560748977164268596, "GateId" : 3 }
2023-07-18 11:31:46.2362 (Session.cs:135) zone: 1 { "_t" : "R2C_Login", "RpcId" : 1, "Error" : 0, "Message" : null, "Address" : "127.0.0.1:10004", "Key" : 560748977164268596, "GateId" : 3 }
2023-07-18 11:31:46.2662 (TChannel.cs:404) TChannel OnError: 100208 127.0.0.1:64572
2023-07-18 11:31:46.2662 (TChannel.cs:102) channel dispose: 8589934592 127.0.0.1:64572
2023-07-18 11:31:46.2662 (Session.cs:52) session dispose: 127.0.0.1:64572 id: 8589934592 ErrorCode: 100208, please see ErrorCode.cs! 1689651106269
2023-07-18 11:31:46.2811 (Session.cs:36) session create: zone: 1 id: 8589934592 1689651106281 
2023-07-18 11:31:46.2811 (SessionStreamDispatcherServerOuter.cs:22) zone: 1 { "_t" : "C2G_LoginGate", "RpcId" : 3, "Key" : 560748977164268596, "GateId" : 3 }
2023-07-18 11:31:46.2811 (Session.cs:135) zone: 1 { "_t" : "G2C_LoginGate", "RpcId" : 3, "Error" : 0, "Message" : null, "PlayerId" : 1920955149979811845 }
2023-07-18 11:31:56.9709 (TChannel.cs:404) TChannel OnError: 100208 127.0.0.1:64574
2023-07-18 11:31:56.9709 (TChannel.cs:102) channel dispose: 8589934592 127.0.0.1:64574
2023-07-18 11:31:56.9709 (Session.cs:52) session dispose: 127.0.0.1:64574 id: 8589934592 ErrorCode: 100208, please see ErrorCode.cs! 1689651116979
2023-07-18 11:31:56.9864 (SessionStreamDispatcherServerInner.cs:57) zone: 0 { "_t" : "ObjectGetRequest", "RpcId" : 3, "Key" : 1920955149979811845 }
2023-07-18 11:31:56.9864 (LocationComponentSystem.cs:100) location get key: 1920955149979811845 instanceId: 0
2023-07-18 11:31:56.9864 (Session.cs:135) zone: 0 { "_t" : "ObjectGetResponse", "RpcId" : 3, "Error" : 0, "Message" : null, "InstanceId" : 0 }
2023-07-18 11:31:57.0022 (SessionStreamDispatcherServerInner.cs:57) zone: 0 { "_t" : "ObjectGetResponse", "RpcId" : 3, "Error" : 0, "Message" : null, "InstanceId" : 0 }
2023-07-18 11:32:05.3232 (ConsoleComponentSystem.cs:90) not found command: r
2023-07-18 11:32:15.6371 (Scene.cs:34) scene create: Process Process 1176472974954594305 1176472974954594305 0
2023-07-18 11:32:15.6919 (Program.cs:41) server start........................ 1176472974954594305
2023-07-18 11:32:15.9394 (Scene.cs:49) scene create: Realm Realm 1 262145 1
2023-07-18 11:32:15.9394 (Scene.cs:49) scene create: Gate Gate1 2 262146 1
2023-07-18 11:32:15.9394 (Scene.cs:49) scene create: Gate Gate2 3 262147 1
2023-07-18 11:32:15.9394 (Scene.cs:49) scene create: Location Location 4 262148 1
2023-07-18 11:32:15.9394 (Scene.cs:49) scene create: Map Map1 5 262149 1
2023-07-18 11:32:15.9394 (Scene.cs:49) scene create: Map Map2 6 262150 1
2023-07-18 11:33:03.6859 (Scene.cs:34) scene create: Process Process 1176476273489477633 1176476273489477633 0
2023-07-18 11:33:03.7122 (Program.cs:41) server start........................ 1176476273489477633
2023-07-18 11:33:03.8424 (Scene.cs:49) scene create: Realm Realm 1 262145 1
2023-07-18 11:33:03.8424 (Scene.cs:49) scene create: Gate Gate1 2 262146 1
2023-07-18 11:33:03.8424 (Scene.cs:49) scene create: Gate Gate2 3 262147 1
2023-07-18 11:33:03.8424 (Scene.cs:49) scene create: Location Location 4 262148 1
2023-07-18 11:33:03.8424 (Scene.cs:49) scene create: Map Map1 5 262149 1
2023-07-18 11:33:03.8424 (Scene.cs:49) scene create: Map Map2 6 262150 1
2023-07-18 11:33:29.4297 (Scene.cs:34) scene create: Process Process 1176478060195872769 1176478060195872769 0
2023-07-18 11:33:29.5089 (Program.cs:41) server start........................ 1176478060195872769
2023-07-18 11:33:29.8454 (Scene.cs:49) scene create: Realm Realm 1 262145 1
2023-07-18 11:33:29.8454 (Scene.cs:49) scene create: Gate Gate1 2 262146 1
2023-07-18 11:33:29.8454 (Scene.cs:49) scene create: Gate Gate2 3 262147 1
2023-07-18 11:33:29.8454 (Scene.cs:49) scene create: Location Location 4 262148 1
2023-07-18 11:33:29.8454 (Scene.cs:49) scene create: Map Map1 5 262149 1
2023-07-18 11:33:29.8454 (Scene.cs:49) scene create: Map Map2 6 262150 1
2023-07-18 11:35:15.7008 (Scene.cs:34) scene create: Process Process 1176485344460406785 1176485344460406785 0
2023-07-18 11:35:15.7494 (Program.cs:41) server start........................ 1176485344460406785
2023-07-18 11:35:15.9951 (Scene.cs:49) scene create: Realm Realm 1 262145 1
2023-07-18 11:35:15.9951 (Scene.cs:49) scene create: Gate Gate1 2 262146 1
2023-07-18 11:35:15.9951 (Scene.cs:49) scene create: Gate Gate2 3 262147 1
2023-07-18 11:35:15.9951 (Scene.cs:49) scene create: Location Location 4 262148 1
2023-07-18 11:35:15.9951 (Scene.cs:49) scene create: Map Map1 5 262149 1
2023-07-18 11:35:15.9951 (Scene.cs:49) scene create: Map Map2 6 262150 1
2023-07-18 11:35:19.4424 (ReloadDllConsoleHandler.cs:12) 执行逻辑热重载..
2023-07-18 11:35:19.5406 (ReloadDllConsoleHandler.cs:15) 热重载逻辑结束..
2023-07-18 11:40:00.8660  C must have config name, like: C UnitConfig
2023-07-18 11:42:12.5318 (Scene.cs:34) scene create: Process Process 1176514000482205697 1176514000482205697 0
2023-07-18 11:42:12.6255 (Program.cs:41) server start........................ 1176514000482205697
2023-07-18 11:42:12.9520 (Scene.cs:49) scene create: Realm Realm 1 262145 1
2023-07-18 11:42:12.9520 (Scene.cs:49) scene create: Gate Gate1 2 262146 1
2023-07-18 11:42:12.9520 (Scene.cs:49) scene create: Gate Gate2 3 262147 1
2023-07-18 11:42:12.9520 (Scene.cs:49) scene create: Location Location 4 262148 1
2023-07-18 11:42:12.9520 (Scene.cs:49) scene create: Map Map1 5 262149 1
2023-07-18 11:42:12.9520 (Scene.cs:49) scene create: Map Map2 6 262150 1
2023-07-18 11:42:15.9874 (ReloadConfigConsoleHandler.cs:15) C must have config name, like: C UnitConfig
2023-07-18 11:42:40.1016 (ReloadConfigConsoleHandler.cs:28) reload config UnitConfig finish!
2023-07-18 11:43:39.7569 (Scene.cs:34) scene create: Process Process 1176519979076681729 1176519979076681729 0
2023-07-18 11:43:39.8166 (Program.cs:41) server start........................ 1176519979076681729
2023-07-18 11:43:40.1862 (Scene.cs:49) scene create: Realm Realm 1 262145 1
2023-07-18 11:43:40.1862 (Scene.cs:49) scene create: Gate Gate1 2 262146 1
2023-07-18 11:43:40.1862 (Scene.cs:49) scene create: Gate Gate2 3 262147 1
2023-07-18 11:43:40.1862 (Scene.cs:49) scene create: Location Location 4 262148 1
2023-07-18 11:43:40.1862 (Scene.cs:49) scene create: Map Map1 5 262149 1
2023-07-18 11:43:40.1862 (Scene.cs:49) scene create: Map Map2 6 262150 1
2023-07-18 11:43:56.3785 (ConsoleComponentSystem.cs:99) System.Collections.Generic.KeyNotFoundException: The given key 'ET.UnitCofigCategory' was not present in the dictionary.
   at System.Collections.Generic.Dictionary`2.get_Item(TKey key)
   at ET.EventSystem.GetType(String typeName) in E:\ET-release6.0\Unity\Codes\Model\Core\Object\EventSystem.cs:line 204
   at ET.ReloadConfigConsoleHandler.Run(ModeContex contex, String content) in E:\ET-release6.0\Server\Hotfix\Module\Console\ReloadConfigConsoleHandler.cs:line 21
   at ET.ETTask.GetResult() in E:\ET-release6.0\Unity\Assets\ThirdParty\ETTask\ETTask.cs:line 125
   at ET.ConsoleComponentSystem.Start(ConsoleComponent self) in E:\ET-release6.0\Server\Hotfix\Module\Console\ConsoleComponentSystem.cs:line 99
2023-07-18 11:44:02.2004 (ReloadConfigConsoleHandler.cs:15) C must have config name, like: C UnitConfig
2023-07-18 11:44:10.3238 (ConsoleComponentSystem.cs:99) System.IO.FileNotFoundException: Could not find file 'E:\ET-release6.0\Config\ET.UnitConfigCategory.bytes'.
File name: 'E:\ET-release6.0\Config\ET.UnitConfigCategory.bytes'
   at Microsoft.Win32.SafeHandles.SafeFileHandle.CreateFile(String fullPath, FileMode mode, FileAccess access, FileShare share, FileOptions options)
   at Microsoft.Win32.SafeHandles.SafeFileHandle.Open(String fullPath, FileMode mode, FileAccess access, FileShare share, FileOptions options, Int64 preallocationSize)
   at System.IO.Strategies.OSFileStreamStrategy..ctor(String path, FileMode mode, FileAccess access, FileShare share, FileOptions options, Int64 preallocationSize)
   at System.IO.Strategies.FileStreamHelpers.ChooseStrategyCore(String path, FileMode mode, FileAccess access, FileShare share, FileOptions options, Int64 preallocationSize)
   at System.IO.Strategies.FileStreamHelpers.ChooseStrategy(FileStream fileStream, String path, FileMode mode, FileAccess access, FileShare share, Int32 bufferSize, FileOptions options, Int64 preallocationSize)
   at System.IO.File.ReadAllBytes(String path)
   at ET.ConfigLoader.GetOneConfigBytes(String configName) in E:\ET-release6.0\Server\Model\Config\ConfigLoader.cs:line 23
   at ET.ConfigComponentSystem.LoadOneConfig(ConfigComponent self, Type configType) in E:\ET-release6.0\Unity\Codes\Hotfix\Module\Config\ConfigComponentSystem.cs:line 30
   at ET.ReloadConfigConsoleHandler.Run(ModeContex contex, String content) in E:\ET-release6.0\Server\Hotfix\Module\Console\ReloadConfigConsoleHandler.cs:line 27
   at ET.ETTask.GetResult() in E:\ET-release6.0\Unity\Assets\ThirdParty\ETTask\ETTask.cs:line 125
   at ET.ConsoleComponentSystem.Start(ConsoleComponent self) in E:\ET-release6.0\Server\Hotfix\Module\Console\ConsoleComponentSystem.cs:line 99
2023-07-18 11:44:32.8574 (Scene.cs:34) scene create: Process Process 1176523621208948737 1176523621208948737 0
2023-07-18 11:44:32.9110 (Program.cs:41) server start........................ 1176523621208948737
2023-07-18 11:44:33.1612 (Scene.cs:49) scene create: Realm Realm 1 262145 1
2023-07-18 11:44:33.1612 (Scene.cs:49) scene create: Gate Gate1 2 262146 1
2023-07-18 11:44:33.1612 (Scene.cs:49) scene create: Gate Gate2 3 262147 1
2023-07-18 11:44:33.1612 (Scene.cs:49) scene create: Location Location 4 262148 1
2023-07-18 11:44:33.1612 (Scene.cs:49) scene create: Map Map1 5 262149 1
2023-07-18 11:44:33.1676 (Scene.cs:49) scene create: Map Map2 6 262150 1
2023-07-18 11:44:36.3832 (ReloadConfigConsoleHandler.cs:15) C must have config name, like: C UnitConfig
2023-07-18 11:44:43.6196 (ConsoleComponentSystem.cs:99) System.IO.FileNotFoundException: Could not find file 'E:\ET-release6.0\Config\ET.UnitConfigCategory.bytes'.
File name: 'E:\ET-release6.0\Config\ET.UnitConfigCategory.bytes'
   at Microsoft.Win32.SafeHandles.SafeFileHandle.CreateFile(String fullPath, FileMode mode, FileAccess access, FileShare share, FileOptions options)
   at Microsoft.Win32.SafeHandles.SafeFileHandle.Open(String fullPath, FileMode mode, FileAccess access, FileShare share, FileOptions options, Int64 preallocationSize)
   at System.IO.Strategies.OSFileStreamStrategy..ctor(String path, FileMode mode, FileAccess access, FileShare share, FileOptions options, Int64 preallocationSize)
   at System.IO.Strategies.FileStreamHelpers.ChooseStrategyCore(String path, FileMode mode, FileAccess access, FileShare share, FileOptions options, Int64 preallocationSize)
   at System.IO.Strategies.FileStreamHelpers.ChooseStrategy(FileStream fileStream, String path, FileMode mode, FileAccess access, FileShare share, Int32 bufferSize, FileOptions options, Int64 preallocationSize)
   at System.IO.File.ReadAllBytes(String path)
   at ET.ConfigLoader.GetOneConfigBytes(String configName) in E:\ET-release6.0\Server\Model\Config\ConfigLoader.cs:line 23
   at ET.ConfigComponentSystem.LoadOneConfig(ConfigComponent self, Type configType) in E:\ET-release6.0\Unity\Codes\Hotfix\Module\Config\ConfigComponentSystem.cs:line 30
   at ET.ReloadConfigConsoleHandler.Run(ModeContex contex, String content) in E:\ET-release6.0\Server\Hotfix\Module\Console\ReloadConfigConsoleHandler.cs:line 27
   at ET.ETTask.GetResult() in E:\ET-release6.0\Unity\Assets\ThirdParty\ETTask\ETTask.cs:line 125
   at ET.ConsoleComponentSystem.Start(ConsoleComponent self) in E:\ET-release6.0\Server\Hotfix\Module\Console\ConsoleComponentSystem.cs:line 99
2023-07-18 11:46:00.9556 (ConsoleComponentSystem.cs:99) System.IO.FileNotFoundException: Could not find file 'E:\ET-release6.0\Config\ET.UnitConfigCategory.bytes'.
File name: 'E:\ET-release6.0\Config\ET.UnitConfigCategory.bytes'
   at Microsoft.Win32.SafeHandles.SafeFileHandle.CreateFile(String fullPath, FileMode mode, FileAccess access, FileShare share, FileOptions options)
   at Microsoft.Win32.SafeHandles.SafeFileHandle.Open(String fullPath, FileMode mode, FileAccess access, FileShare share, FileOptions options, Int64 preallocationSize)
   at System.IO.Strategies.OSFileStreamStrategy..ctor(String path, FileMode mode, FileAccess access, FileShare share, FileOptions options, Int64 preallocationSize)
   at System.IO.Strategies.FileStreamHelpers.ChooseStrategyCore(String path, FileMode mode, FileAccess access, FileShare share, FileOptions options, Int64 preallocationSize)
   at System.IO.Strategies.FileStreamHelpers.ChooseStrategy(FileStream fileStream, String path, FileMode mode, FileAccess access, FileShare share, Int32 bufferSize, FileOptions options, Int64 preallocationSize)
   at System.IO.File.ReadAllBytes(String path)
   at ET.ConfigLoader.GetOneConfigBytes(String configName) in E:\ET-release6.0\Server\Model\Config\ConfigLoader.cs:line 23
   at ET.ConfigComponentSystem.LoadOneConfig(ConfigComponent self, Type configType) in E:\ET-release6.0\Unity\Codes\Hotfix\Module\Config\ConfigComponentSystem.cs:line 30
   at ET.ReloadConfigConsoleHandler.Run(ModeContex contex, String content) in E:\ET-release6.0\Server\Hotfix\Module\Console\ReloadConfigConsoleHandler.cs:line 27
   at ET.ETTask.GetResult() in E:\ET-release6.0\Unity\Assets\ThirdParty\ETTask\ETTask.cs:line 125
   at ET.ConsoleComponentSystem.Start(ConsoleComponent self) in E:\ET-release6.0\Server\Hotfix\Module\Console\ConsoleComponentSystem.cs:line 99
2023-07-18 11:46:10.0301 (Scene.cs:34) scene create: Process Process 1176530355717668865 1176530355717668865 0
2023-07-18 11:46:10.1349 (Program.cs:41) server start........................ 1176530355717668865
2023-07-18 11:46:10.4045 (Scene.cs:49) scene create: Realm Realm 1 262145 1
2023-07-18 11:46:10.4045 (Scene.cs:49) scene create: Gate Gate1 2 262146 1
2023-07-18 11:46:10.4045 (Scene.cs:49) scene create: Gate Gate2 3 262147 1
2023-07-18 11:46:10.4045 (Scene.cs:49) scene create: Location Location 4 262148 1
2023-07-18 11:46:10.4045 (Scene.cs:49) scene create: Map Map1 5 262149 1
2023-07-18 11:46:10.4045 (Scene.cs:49) scene create: Map Map2 6 262150 1
2023-07-18 11:46:10.7493 (ReloadConfigConsoleHandler.cs:15) C must have config name, like: C UnitConfig
2023-07-18 11:46:17.1721 (ConsoleComponentSystem.cs:99) System.IO.FileNotFoundException: Could not find file 'E:\ET-release6.0\Config\ET.UnitConfigCategory.bytes'.
File name: 'E:\ET-release6.0\Config\ET.UnitConfigCategory.bytes'
   at Microsoft.Win32.SafeHandles.SafeFileHandle.CreateFile(String fullPath, FileMode mode, FileAccess access, FileShare share, FileOptions options)
   at Microsoft.Win32.SafeHandles.SafeFileHandle.Open(String fullPath, FileMode mode, FileAccess access, FileShare share, FileOptions options, Int64 preallocationSize)
   at System.IO.Strategies.OSFileStreamStrategy..ctor(String path, FileMode mode, FileAccess access, FileShare share, FileOptions options, Int64 preallocationSize)
   at System.IO.Strategies.FileStreamHelpers.ChooseStrategyCore(String path, FileMode mode, FileAccess access, FileShare share, FileOptions options, Int64 preallocationSize)
   at System.IO.Strategies.FileStreamHelpers.ChooseStrategy(FileStream fileStream, String path, FileMode mode, FileAccess access, FileShare share, Int32 bufferSize, FileOptions options, Int64 preallocationSize)
   at System.IO.File.ReadAllBytes(String path)
   at ET.ConfigLoader.GetOneConfigBytes(String configName) in E:\ET-release6.0\Server\Model\Config\ConfigLoader.cs:line 23
   at ET.ConfigComponentSystem.LoadOneConfig(ConfigComponent self, Type configType) in E:\ET-release6.0\Unity\Codes\Hotfix\Module\Config\ConfigComponentSystem.cs:line 30
   at ET.ReloadConfigConsoleHandler.Run(ModeContex contex, String content) in E:\ET-release6.0\Server\Hotfix\Module\Console\ReloadConfigConsoleHandler.cs:line 27
   at ET.ETTask.GetResult() in E:\ET-release6.0\Unity\Assets\ThirdParty\ETTask\ETTask.cs:line 125
   at ET.ConsoleComponentSystem.Start(ConsoleComponent self) in E:\ET-release6.0\Server\Hotfix\Module\Console\ConsoleComponentSystem.cs:line 99
