2023-07-18 11:00:00.2949 scene create: Process Process 1176340002767110145 1176340002767110145 0
2023-07-18 11:00:00.3887 server start........................ 1176340002767110145
2023-07-18 11:00:00.6274 scene create: Realm Realm 1 262145 1
2023-07-18 11:00:00.6390 scene create: Gate Gate1 2 262146 1
2023-07-18 11:00:00.6390 scene create: Gate Gate2 3 262147 1
2023-07-18 11:00:00.6390 scene create: Location Location 4 262148 1
2023-07-18 11:00:00.6390 scene create: Map Map1 5 262149 1
2023-07-18 11:00:00.6390 scene create: Map Map2 6 262150 1
2023-07-18 11:00:23.6169 scene create: Process Process 1176341583315075073 1176341583315075073 0
2023-07-18 11:00:23.6586 server start........................ 1176341583315075073
2023-07-18 11:00:23.9206 scene create: Realm Realm 1 262145 1
2023-07-18 11:00:23.9206 scene create: Gate Gate1 2 262146 1
2023-07-18 11:00:23.9206 scene create: Gate Gate2 3 262147 1
2023-07-18 11:00:23.9206 scene create: Location Location 4 262148 1
2023-07-18 11:00:23.9206 scene create: Map Map1 5 262149 1
2023-07-18 11:00:23.9206 scene create: Map Map2 6 262150 1
2023-07-18 11:01:19.3550 session create: zone: 1 id: 8589934592 1689649279354 
2023-07-18 11:01:19.4214 session create: zone: 0 id: 1 1689649279421 
2023-07-18 11:01:19.4214 session create: zone: 0 id: 8589934592 1689649279431 
2023-07-18 11:01:19.4793 TChannel OnError: 100208 127.0.0.1:63054
2023-07-18 11:01:19.4793 channel dispose: 8589934592 127.0.0.1:63054
2023-07-18 11:01:19.4793 session dispose: 127.0.0.1:63054 id: 8589934592 ErrorCode: 100208, please see ErrorCode.cs! 1689649279483
2023-07-18 11:01:19.4793 session create: zone: 1 id: 8589934592 1689649279483 
2023-07-18 11:01:31.1399 TChannel OnError: 100208 127.0.0.1:63056
2023-07-18 11:01:31.1399 channel dispose: 8589934592 127.0.0.1:63056
2023-07-18 11:01:31.1399 session dispose: 127.0.0.1:63056 id: 8589934592 ErrorCode: 100208, please see ErrorCode.cs! 1689649291149
2023-07-18 11:01:31.1578 location get key: 1920923762358812677 instanceId: 0
2023-07-18 11:01:41.0228 session create: zone: 1 id: 12884901888 1689649301022 
2023-07-18 11:01:41.0859 TChannel OnError: 100208 127.0.0.1:63083
2023-07-18 11:01:41.0859 channel dispose: 12884901888 127.0.0.1:63083
2023-07-18 11:01:41.0859 session dispose: 127.0.0.1:63083 id: 12884901888 ErrorCode: 100208, please see ErrorCode.cs! 1689649301086
2023-07-18 11:01:41.1009 session create: zone: 1 id: 12884901888 1689649301100 
2023-07-18 11:01:44.2039 TChannel OnError: 100208 127.0.0.1:63084
2023-07-18 11:01:44.2039 channel dispose: 12884901888 127.0.0.1:63084
2023-07-18 11:01:44.2039 session dispose: 127.0.0.1:63084 id: 12884901888 ErrorCode: 100208, please see ErrorCode.cs! 1689649304204
2023-07-18 11:01:44.2189 location get key: 1920924140315934725 instanceId: 0
2023-07-18 11:09:52.4031 scene create: Process Process 1176380684697337857 1176380684697337857 0
2023-07-18 11:09:52.4232 server start........................ 1176380684697337857
2023-07-18 11:09:52.5596 scene create: Realm Realm 1 262145 1
2023-07-18 11:09:52.5596 scene create: Gate Gate1 2 262146 1
2023-07-18 11:09:52.5596 scene create: Gate Gate2 3 262147 1
2023-07-18 11:09:52.5596 scene create: Location Location 4 262148 1
2023-07-18 11:09:52.5596 scene create: Map Map1 5 262149 1
2023-07-18 11:09:52.5596 scene create: Map Map2 6 262150 1
2023-07-18 11:10:10.5804 scene create: Process Process 1176381921647919105 1176381921647919105 0
2023-07-18 11:10:10.5985 server start........................ 1176381921647919105
2023-07-18 11:10:10.7286 scene create: Realm Realm 1 262145 1
2023-07-18 11:10:10.7308 scene create: Gate Gate1 2 262146 1
2023-07-18 11:10:10.7308 scene create: Gate Gate2 3 262147 1
2023-07-18 11:10:10.7308 scene create: Location Location 4 262148 1
2023-07-18 11:10:10.7308 scene create: Map Map1 5 262149 1
2023-07-18 11:10:10.7308 scene create: Map Map2 6 262150 1
2023-07-18 11:10:18.5275 session create: zone: 1 id: 8589934592 1689649818527 
2023-07-18 11:10:18.5574 session create: zone: 0 id: 1 1689649818563 
2023-07-18 11:10:18.5735 session create: zone: 0 id: 8589934592 1689649818573 
2023-07-18 11:10:18.6214 TChannel OnError: 100208 127.0.0.1:63651
2023-07-18 11:10:18.6214 channel dispose: 8589934592 127.0.0.1:63651
2023-07-18 11:10:18.6214 session dispose: 127.0.0.1:63651 id: 8589934592 ErrorCode: 100208, please see ErrorCode.cs! 1689649818625
2023-07-18 11:10:18.6214 session create: zone: 1 id: 8589934592 1689649818625 
2023-07-18 11:10:24.5968 TChannel OnError: 100208 127.0.0.1:63653
2023-07-18 11:10:24.5968 channel dispose: 8589934592 127.0.0.1:63653
2023-07-18 11:10:24.5968 session dispose: 127.0.0.1:63653 id: 8589934592 ErrorCode: 100208, please see ErrorCode.cs! 1689649824604
2023-07-18 11:10:24.6148 location get key: 1920933022308302853 instanceId: 0
2023-07-18 11:10:41.6942 scene create: Process Process 1176384051951697921 1176384051951697921 0
2023-07-18 11:10:41.7215 server start........................ 1176384051951697921
2023-07-18 11:10:41.8582 scene create: Realm Realm 1 262145 1
2023-07-18 11:10:41.8582 scene create: Gate Gate1 2 262146 1
2023-07-18 11:10:41.8582 scene create: Gate Gate2 3 262147 1
2023-07-18 11:10:41.8582 scene create: Location Location 4 262148 1
2023-07-18 11:10:41.8582 scene create: Map Map1 5 262149 1
2023-07-18 11:10:41.8582 scene create: Map Map2 6 262150 1
2023-07-18 11:10:49.6280 session create: zone: 1 id: 8589934592 1689649849627 
2023-07-18 11:10:49.6691 session create: zone: 0 id: 1 1689649849675 
2023-07-18 11:10:49.6878 session create: zone: 0 id: 8589934592 1689649849687 
2023-07-18 11:10:49.7357 TChannel OnError: 100208 127.0.0.1:63684
2023-07-18 11:10:49.7357 channel dispose: 8589934592 127.0.0.1:63684
2023-07-18 11:10:49.7357 session dispose: 127.0.0.1:63684 id: 8589934592 ErrorCode: 100208, please see ErrorCode.cs! 1689649849739
2023-07-18 11:10:49.7515 session create: zone: 1 id: 8589934592 1689649849751 
2023-07-18 11:10:51.7976 TChannel OnError: 100208 127.0.0.1:63686
2023-07-18 11:10:51.7976 channel dispose: 8589934592 127.0.0.1:63686
2023-07-18 11:10:51.7976 session dispose: 127.0.0.1:63686 id: 8589934592 ErrorCode: 100208, please see ErrorCode.cs! 1689649851805
2023-07-18 11:10:51.8154 location get key: 1920933554884247557 instanceId: 0
2023-07-18 11:16:54.3164 scene create: Process Process 1176409684316520449 1176409684316520449 0
2023-07-18 11:16:54.3921 server start........................ 1176409684316520449
2023-07-18 11:16:54.6689 scene create: Realm Realm 1 262145 1
2023-07-18 11:16:54.6689 scene create: Gate Gate1 2 262146 1
2023-07-18 11:16:54.6689 scene create: Gate Gate2 3 262147 1
2023-07-18 11:16:54.6689 scene create: Location Location 4 262148 1
2023-07-18 11:16:54.6689 scene create: Map Map1 5 262149 1
2023-07-18 11:16:54.6689 scene create: Map Map2 6 262150 1
2023-07-18 11:30:19.5235 scene create: Process Process 1176465003495292929 1176465003495292929 0
2023-07-18 11:30:19.5985 server start........................ 1176465003495292929
2023-07-18 11:30:19.8633 scene create: Realm Realm 1 262145 1
2023-07-18 11:30:19.8633 scene create: Gate Gate1 2 262146 1
2023-07-18 11:30:19.8633 scene create: Gate Gate2 3 262147 1
2023-07-18 11:30:19.8633 scene create: Location Location 4 262148 1
2023-07-18 11:30:19.8633 scene create: Map Map1 5 262149 1
2023-07-18 11:30:19.8633 scene create: Map Map2 6 262150 1
2023-07-18 11:31:18.5567 scene create: Process Process 1176469057944420353 1176469057944420353 0
2023-07-18 11:31:18.6003 server start........................ 1176469057944420353
2023-07-18 11:31:18.8589 scene create: Realm Realm 1 262145 1
2023-07-18 11:31:18.8589 scene create: Gate Gate1 2 262146 1
2023-07-18 11:31:18.8589 scene create: Gate Gate2 3 262147 1
2023-07-18 11:31:18.8589 scene create: Location Location 4 262148 1
2023-07-18 11:31:18.8589 scene create: Map Map1 5 262149 1
2023-07-18 11:31:18.8589 scene create: Map Map2 6 262150 1
2023-07-18 11:31:46.1423 session create: zone: 1 id: 8589934592 1689651106142 
2023-07-18 11:31:46.2040 session create: zone: 0 id: 1 1689651106203 
2023-07-18 11:31:46.2192 session create: zone: 0 id: 8589934592 1689651106219 
2023-07-18 11:31:46.2662 TChannel OnError: 100208 127.0.0.1:64572
2023-07-18 11:31:46.2662 channel dispose: 8589934592 127.0.0.1:64572
2023-07-18 11:31:46.2662 session dispose: 127.0.0.1:64572 id: 8589934592 ErrorCode: 100208, please see ErrorCode.cs! 1689651106269
2023-07-18 11:31:46.2811 session create: zone: 1 id: 8589934592 1689651106281 
2023-07-18 11:31:56.9709 TChannel OnError: 100208 127.0.0.1:64574
2023-07-18 11:31:56.9709 channel dispose: 8589934592 127.0.0.1:64574
2023-07-18 11:31:56.9709 session dispose: 127.0.0.1:64574 id: 8589934592 ErrorCode: 100208, please see ErrorCode.cs! 1689651116979
2023-07-18 11:31:56.9864 location get key: 1920955149979811845 instanceId: 0
2023-07-18 11:32:15.6371 scene create: Process Process 1176472974954594305 1176472974954594305 0
2023-07-18 11:32:15.6919 server start........................ 1176472974954594305
2023-07-18 11:32:15.9394 scene create: Realm Realm 1 262145 1
2023-07-18 11:32:15.9394 scene create: Gate Gate1 2 262146 1
2023-07-18 11:32:15.9394 scene create: Gate Gate2 3 262147 1
2023-07-18 11:32:15.9394 scene create: Location Location 4 262148 1
2023-07-18 11:32:15.9394 scene create: Map Map1 5 262149 1
2023-07-18 11:32:15.9394 scene create: Map Map2 6 262150 1
2023-07-18 11:33:03.6859 scene create: Process Process 1176476273489477633 1176476273489477633 0
2023-07-18 11:33:03.7122 server start........................ 1176476273489477633
2023-07-18 11:33:03.8424 scene create: Realm Realm 1 262145 1
2023-07-18 11:33:03.8424 scene create: Gate Gate1 2 262146 1
2023-07-18 11:33:03.8424 scene create: Gate Gate2 3 262147 1
2023-07-18 11:33:03.8424 scene create: Location Location 4 262148 1
2023-07-18 11:33:03.8424 scene create: Map Map1 5 262149 1
2023-07-18 11:33:03.8424 scene create: Map Map2 6 262150 1
2023-07-18 11:33:29.4297 scene create: Process Process 1176478060195872769 1176478060195872769 0
2023-07-18 11:33:29.5089 server start........................ 1176478060195872769
2023-07-18 11:33:29.8454 scene create: Realm Realm 1 262145 1
2023-07-18 11:33:29.8454 scene create: Gate Gate1 2 262146 1
2023-07-18 11:33:29.8454 scene create: Gate Gate2 3 262147 1
2023-07-18 11:33:29.8454 scene create: Location Location 4 262148 1
2023-07-18 11:33:29.8454 scene create: Map Map1 5 262149 1
2023-07-18 11:33:29.8454 scene create: Map Map2 6 262150 1
2023-07-18 11:35:15.7008 scene create: Process Process 1176485344460406785 1176485344460406785 0
2023-07-18 11:35:15.7494 server start........................ 1176485344460406785
2023-07-18 11:35:15.9951 scene create: Realm Realm 1 262145 1
2023-07-18 11:35:15.9951 scene create: Gate Gate1 2 262146 1
2023-07-18 11:35:15.9951 scene create: Gate Gate2 3 262147 1
2023-07-18 11:35:15.9951 scene create: Location Location 4 262148 1
2023-07-18 11:35:15.9951 scene create: Map Map1 5 262149 1
2023-07-18 11:35:15.9951 scene create: Map Map2 6 262150 1
2023-07-18 11:42:12.5318 scene create: Process Process 1176514000482205697 1176514000482205697 0
2023-07-18 11:42:12.6255 server start........................ 1176514000482205697
2023-07-18 11:42:12.9520 scene create: Realm Realm 1 262145 1
2023-07-18 11:42:12.9520 scene create: Gate Gate1 2 262146 1
2023-07-18 11:42:12.9520 scene create: Gate Gate2 3 262147 1
2023-07-18 11:42:12.9520 scene create: Location Location 4 262148 1
2023-07-18 11:42:12.9520 scene create: Map Map1 5 262149 1
2023-07-18 11:42:12.9520 scene create: Map Map2 6 262150 1
2023-07-18 11:43:39.7569 scene create: Process Process 1176519979076681729 1176519979076681729 0
2023-07-18 11:43:39.8166 server start........................ 1176519979076681729
2023-07-18 11:43:40.1862 scene create: Realm Realm 1 262145 1
2023-07-18 11:43:40.1862 scene create: Gate Gate1 2 262146 1
2023-07-18 11:43:40.1862 scene create: Gate Gate2 3 262147 1
2023-07-18 11:43:40.1862 scene create: Location Location 4 262148 1
2023-07-18 11:43:40.1862 scene create: Map Map1 5 262149 1
2023-07-18 11:43:40.1862 scene create: Map Map2 6 262150 1
2023-07-18 11:44:32.8574 scene create: Process Process 1176523621208948737 1176523621208948737 0
2023-07-18 11:44:32.9110 server start........................ 1176523621208948737
2023-07-18 11:44:33.1612 scene create: Realm Realm 1 262145 1
2023-07-18 11:44:33.1612 scene create: Gate Gate1 2 262146 1
2023-07-18 11:44:33.1612 scene create: Gate Gate2 3 262147 1
2023-07-18 11:44:33.1612 scene create: Location Location 4 262148 1
2023-07-18 11:44:33.1612 scene create: Map Map1 5 262149 1
2023-07-18 11:44:33.1676 scene create: Map Map2 6 262150 1
2023-07-18 11:46:10.0301 scene create: Process Process 1176530355717668865 1176530355717668865 0
2023-07-18 11:46:10.1349 server start........................ 1176530355717668865
2023-07-18 11:46:10.4045 scene create: Realm Realm 1 262145 1
2023-07-18 11:46:10.4045 scene create: Gate Gate1 2 262146 1
2023-07-18 11:46:10.4045 scene create: Gate Gate2 3 262147 1
2023-07-18 11:46:10.4045 scene create: Location Location 4 262148 1
2023-07-18 11:46:10.4045 scene create: Map Map1 5 262149 1
2023-07-18 11:46:10.4045 scene create: Map Map2 6 262150 1
